<?xml version="1.0" encoding="UTF-8"?>
<testsuite xmlns:xsi="http://www.w3.org/2001/XMLSchema-instance" xsi:noNamespaceSchemaLocation="https://maven.apache.org/surefire/maven-surefire-plugin/xsd/surefire-test-report.xsd" name="com.example.AppTest" time="0.037" tests="4" errors="0" skipped="0" failures="0">
  <properties>
[...]
</properties>
  <testcase name="test_add" classname="com.example.AppTest" time="0.002"/>
  <testcase name="test_divide" classname="com.example.AppTest" time="0"/>
  <testcase name="test_multiply" classname="com.example.AppTest" time="0.001"/>
  <testcase name="test_subtract" classname="com.example.AppTest" time="0"/>
</testsuite>